<?xml version="1.0" encoding="UTF-8"?>
<!-- Generated by org.testng.reporters.JUnitReportReporter -->
<testsuite hostname="LAPTOP-K6JBIRD9" failures="0" tests="1" name="troubleTickets.TC_VT_001_Test" time="12.517" errors="0" timestamp="2025-07-10T22:08:42 IST" skipped="0">
  <testcase classname="troubleTickets.TC_VT_001_Test" name="createTicket" time="12.517"/>
</testsuite> <!-- troubleTickets.TC_VT_001_Test -->
