<?xml version="1.0" encoding="UTF-8"?>
<!-- Generated by org.testng.reporters.JUnitReportReporter -->
<testsuite hostname="LAPTOP-K6JBIRD9" failures="0" tests="1" name="contacts.TC_VT_001_Test" time="16.026" errors="0" timestamp="2025-07-09T12:44:58 IST" skipped="0">
  <testcase classname="contacts.TC_VT_001_Test" name="clickOnContacts" time="16.026"/>
</testsuite> <!-- contacts.TC_VT_001_Test -->
