<?xml version="1.0" encoding="UTF-8"?>
<!-- Generated by org.testng.reporters.JUnitReportReporter -->
<testsuite hostname="LAPTOP-K6JBIRD9" failures="0" tests="1" name="contacts.TC_VT_002_Test" time="22.194" errors="0" timestamp="2025-07-09T12:44:58 IST" skipped="0">
  <testcase classname="contacts.TC_VT_002_Test" name="createContact" time="22.194"/>
</testsuite> <!-- contacts.TC_VT_002_Test -->
